<?xml version="1.0" encoding="UTF-8"?>
<!-- Generated by org.testng.reporters.JUnitReportReporter -->
<testsuite hostname="HC13-059" name="com.gaurav.ant.SampleTest" tests="2" failures="0" timestamp="23 Jul 2014 13:59:44 GMT" time="0.010" errors="0">
  <testcase name="method1" time="0.009" classname="com.gaurav.ant.SampleTest"/>
  <testcase name="method2" time="0.001" classname="com.gaurav.ant.SampleTest"/>
</testsuite> <!-- com.gaurav.ant.SampleTest -->
